# JRE version: Java(TM) SE Runtime Environment (8.0_161-b12) (build 1.8.0_161-b12)
# Java VM: Java HotSpot(TM) 64-Bit Server VM (25.161-b12 mixed mode linux-amd64 compressed oops)
Heap:
 PSYoungGen      total 36864K, used 5771K [0x00000000d6e00000, 0x00000000d9700000, 0x0000000100000000)
  eden space 31744K, 2% used [0x00000000d6e00000,0x00000000d6eaa3d8,0x00000000d8d00000)
  from space 5120K, 99% used [0x00000000d8d00000,0x00000000d91f8898,0x00000000d9200000)
  to   space 5120K, 0% used [0x00000000d9200000,0x00000000d9200000,0x00000000d9700000)
 ParOldGen       total 45056K, used 10110K [0x0000000084a00000, 0x0000000087600000, 0x00000000d6e00000)
  object space 45056K, 22% used [0x0000000084a00000,0x00000000853df9f8,0x0000000087600000)
 Metaspace       used 25316K, capacity 26456K, committed 26752K, reserved 1073152K
  class space    used 3464K, capacity 3675K, committed 3712K, reserved 1048576K
GC Heap History (8 events):
Event: 0.888 GC heap before
{Heap before GC invocations=1 (full 0):
 PSYoungGen      total 36864K, used 31744K [0x00000000d6e00000, 0x00000000d9700000, 0x0000000100000000)
  eden space 31744K, 100% used [0x00000000d6e00000,0x00000000d8d00000,0x00000000d8d00000)
  from space 5120K, 0% used [0x00000000d9200000,0x00000000d9200000,0x00000000d9700000)
  to   space 5120K, 0% used [0x00000000d8d00000,0x00000000d8d00000,0x00000000d9200000)
 ParOldGen       total 84992K, used 0K [0x0000000084a00000, 0x0000000089d00000, 0x00000000d6e00000)
  object space 84992K, 0% used [0x0000000084a00000,0x0000000084a00000,0x0000000089d00000)
 Metaspace       used 13390K, capacity 13816K, committed 14080K, reserved 1060864K
  class space    used 1826K, capacity 1979K, committed 2048K, reserved 1048576K
Event: 0.896 GC heap after
Heap after GC invocations=1 (full 0):
 PSYoungGen      total 36864K, used 4417K [0x00000000d6e00000, 0x00000000d9700000, 0x0000000100000000)
  eden space 31744K, 0% used [0x00000000d6e00000,0x00000000d6e00000,0x00000000d8d00000)
  from space 5120K, 86% used [0x00000000d8d00000,0x00000000d9150440,0x00000000d9200000)
  to   space 5120K, 0% used [0x00000000d9200000,0x00000000d9200000,0x00000000d9700000)
 ParOldGen       total 84992K, used 80K [0x0000000084a00000, 0x0000000089d00000, 0x00000000d6e00000)
  object space 84992K, 0% used [0x0000000084a00000,0x0000000084a14010,0x0000000089d00000)
 Metaspace       used 13390K, capacity 13816K, committed 14080K, reserved 1060864K
  class space    used 1826K, capacity 1979K, committed 2048K, reserved 1048576K
}
Event: 31.934 GC heap before
{Heap before GC invocations=2 (full 0):
 PSYoungGen      total 36864K, used 32121K [0x00000000d6e00000, 0x00000000d9700000, 0x0000000100000000)
  eden space 31744K, 87% used [0x00000000d6e00000,0x00000000d890e1d8,0x00000000d8d00000)
  from space 5120K, 86% used [0x00000000d8d00000,0x00000000d9150440,0x00000000d9200000)
  to   space 5120K, 0% used [0x00000000d9200000,0x00000000d9200000,0x00000000d9700000)
 ParOldGen       total 84992K, used 80K [0x0000000084a00000, 0x0000000089d00000, 0x00000000d6e00000)
  object space 84992K, 0% used [0x0000000084a00000,0x0000000084a14010,0x0000000089d00000)
 Metaspace       used 20152K, capacity 21202K, committed 21296K, reserved 1067008K
  class space    used 2898K, capacity 3136K, committed 3200K, reserved 1048576K
Event: 31.941 GC heap after
Heap after GC invocations=2 (full 0):
 PSYoungGen      total 36864K, used 5089K [0x00000000d6e00000, 0x00000000d9700000, 0x0000000100000000)
  eden space 31744K, 0% used [0x00000000d6e00000,0x00000000d6e00000,0x00000000d8d00000)
  from space 5120K, 99% used [0x00000000d9200000,0x00000000d96f8410,0x00000000d9700000)
  to   space 5120K, 0% used [0x00000000d8d00000,0x00000000d8d00000,0x00000000d9200000)
 ParOldGen       total 84992K, used 3609K [0x0000000084a00000, 0x0000000089d00000, 0x00000000d6e00000)
  object space 84992K, 4% used [0x0000000084a00000,0x0000000084d86468,0x0000000089d00000)
 Metaspace       used 20152K, capacity 21202K, committed 21296K, reserved 1067008K
  class space    used 2898K, capacity 3136K, committed 3200K, reserved 1048576K
}
Event: 31.941 GC heap before
{Heap before GC invocations=3 (full 1):
 PSYoungGen      total 36864K, used 5089K [0x00000000d6e00000, 0x00000000d9700000, 0x0000000100000000)
  eden space 31744K, 0% used [0x00000000d6e00000,0x00000000d6e00000,0x00000000d8d00000)
  from space 5120K, 99% used [0x00000000d9200000,0x00000000d96f8410,0x00000000d9700000)
  to   space 5120K, 0% used [0x00000000d8d00000,0x00000000d8d00000,0x00000000d9200000)
 ParOldGen       total 84992K, used 3609K [0x0000000084a00000, 0x0000000089d00000, 0x00000000d6e00000)
  object space 84992K, 4% used [0x0000000084a00000,0x0000000084d86468,0x0000000089d00000)
 Metaspace       used 20152K, capacity 21202K, committed 21296K, reserved 1067008K
  class space    used 2898K, capacity 3136K, committed 3200K, reserved 1048576K
Event: 31.972 GC heap after
Heap after GC invocations=3 (full 1):
 PSYoungGen      total 36864K, used 0K [0x00000000d6e00000, 0x00000000d9700000, 0x0000000100000000)
  eden space 31744K, 0% used [0x00000000d6e00000,0x00000000d6e00000,0x00000000d8d00000)
  from space 5120K, 0% used [0x00000000d9200000,0x00000000d9200000,0x00000000d9700000)
  to   space 5120K, 0% used [0x00000000d8d00000,0x00000000d8d00000,0x00000000d9200000)
 ParOldGen       total 45056K, used 8553K [0x0000000084a00000, 0x0000000087600000, 0x00000000d6e00000)
  object space 45056K, 18% used [0x0000000084a00000,0x000000008525a760,0x0000000087600000)
 Metaspace       used 20152K, capacity 21202K, committed 21296K, reserved 1067008K
  class space    used 2898K, capacity 3136K, committed 3200K, reserved 1048576K
}
Event: 32.443 GC heap before
{Heap before GC invocations=4 (full 1):
 PSYoungGen      total 36864K, used 31744K [0x00000000d6e00000, 0x00000000d9700000, 0x0000000100000000)
  eden space 31744K, 100% used [0x00000000d6e00000,0x00000000d8d00000,0x00000000d8d00000)
  from space 5120K, 0% used [0x00000000d9200000,0x00000000d9200000,0x00000000d9700000)
  to   space 5120K, 0% used [0x00000000d8d00000,0x00000000d8d00000,0x00000000d9200000)
 ParOldGen       total 45056K, used 8553K [0x0000000084a00000, 0x0000000087600000, 0x00000000d6e00000)
  object space 45056K, 18% used [0x0000000084a00000,0x000000008525a760,0x0000000087600000)
 Metaspace       used 25307K, capacity 26456K, committed 26752K, reserved 1073152K
  class space    used 3462K, capacity 3675K, committed 3712K, reserved 1048576K
Event: 32.448 GC heap after
Heap after GC invocations=4 (full 1):
 PSYoungGen      total 36864K, used 5090K [0x00000000d6e00000, 0x00000000d9700000, 0x0000000100000000)
  eden space 31744K, 0% used [0x00000000d6e00000,0x00000000d6e00000,0x00000000d8d00000)
  from space 5120K, 99% used [0x00000000d8d00000,0x00000000d91f8898,0x00000000d9200000)
  to   space 5120K, 0% used [0x00000000d9200000,0x00000000d9200000,0x00000000d9700000)
 ParOldGen       total 45056K, used 10110K [0x0000000084a00000, 0x0000000087600000, 0x00000000d6e00000)
  object space 45056K, 22% used [0x0000000084a00000,0x00000000853df9f8,0x0000000087600000)
 Metaspace       used 25307K, capacity 26456K, committed 26752K, reserved 1073152K
  class space    used 3462K, capacity 3675K, committed 3712K, reserved 1048576K
}

