# JRE version: Java(TM) SE Runtime Environment (8.0_161-b12) (build 1.8.0_161-b12)
# Java VM: Java HotSpot(TM) 64-Bit Server VM (25.161-b12 mixed mode linux-amd64 compressed oops)
Heap:
 PSYoungGen      total 36864K, used 31133K [0x00000000d6e00000, 0x00000000d9700000, 0x0000000100000000)
  eden space 31744K, 98% used [0x00000000d6e00000,0x00000000d8c675e0,0x00000000d8d00000)
  from space 5120K, 0% used [0x00000000d9200000,0x00000000d9200000,0x00000000d9700000)
  to   space 5120K, 0% used [0x00000000d8d00000,0x00000000d8d00000,0x00000000d9200000)
 ParOldGen       total 65024K, used 8598K [0x0000000084a00000, 0x0000000088980000, 0x00000000d6e00000)
  object space 65024K, 13% used [0x0000000084a00000,0x0000000085265900,0x0000000088980000)
 Metaspace       used 24902K, capacity 26088K, committed 26240K, reserved 1071104K
  class space    used 3444K, capacity 3669K, committed 3712K, reserved 1048576K
GC Heap History (6 events):
Event: 1.026 GC heap before
{Heap before GC invocations=1 (full 0):
 PSYoungGen      total 36864K, used 31744K [0x00000000d6e00000, 0x00000000d9700000, 0x0000000100000000)
  eden space 31744K, 100% used [0x00000000d6e00000,0x00000000d8d00000,0x00000000d8d00000)
  from space 5120K, 0% used [0x00000000d9200000,0x00000000d9200000,0x00000000d9700000)
  to   space 5120K, 0% used [0x00000000d8d00000,0x00000000d8d00000,0x00000000d9200000)
 ParOldGen       total 84992K, used 0K [0x0000000084a00000, 0x0000000089d00000, 0x00000000d6e00000)
  object space 84992K, 0% used [0x0000000084a00000,0x0000000084a00000,0x0000000089d00000)
 Metaspace       used 13407K, capacity 13928K, committed 14080K, reserved 1060864K
  class space    used 1826K, capacity 1979K, committed 2048K, reserved 1048576K
Event: 1.033 GC heap after
Heap after GC invocations=1 (full 0):
 PSYoungGen      total 36864K, used 4433K [0x00000000d6e00000, 0x00000000d9700000, 0x0000000100000000)
  eden space 31744K, 0% used [0x00000000d6e00000,0x00000000d6e00000,0x00000000d8d00000)
  from space 5120K, 86% used [0x00000000d8d00000,0x00000000d9154430,0x00000000d9200000)
  to   space 5120K, 0% used [0x00000000d9200000,0x00000000d9200000,0x00000000d9700000)
 ParOldGen       total 84992K, used 72K [0x0000000084a00000, 0x0000000089d00000, 0x00000000d6e00000)
  object space 84992K, 0% used [0x0000000084a00000,0x0000000084a12010,0x0000000089d00000)
 Metaspace       used 13407K, capacity 13928K, committed 14080K, reserved 1060864K
  class space    used 1826K, capacity 1979K, committed 2048K, reserved 1048576K
}
Event: 7.083 GC heap before
{Heap before GC invocations=2 (full 0):
 PSYoungGen      total 36864K, used 30607K [0x00000000d6e00000, 0x00000000d9700000, 0x0000000100000000)
  eden space 31744K, 82% used [0x00000000d6e00000,0x00000000d878f870,0x00000000d8d00000)
  from space 5120K, 86% used [0x00000000d8d00000,0x00000000d9154430,0x00000000d9200000)
  to   space 5120K, 0% used [0x00000000d9200000,0x00000000d9200000,0x00000000d9700000)
 ParOldGen       total 84992K, used 72K [0x0000000084a00000, 0x0000000089d00000, 0x00000000d6e00000)
  object space 84992K, 0% used [0x0000000084a00000,0x0000000084a12010,0x0000000089d00000)
 Metaspace       used 20168K, capacity 21224K, committed 21296K, reserved 1067008K
  class space    used 2914K, capacity 3131K, committed 3200K, reserved 1048576K
Event: 7.089 GC heap after
Heap after GC invocations=2 (full 0):
 PSYoungGen      total 36864K, used 5115K [0x00000000d6e00000, 0x00000000d9700000, 0x0000000100000000)
  eden space 31744K, 0% used [0x00000000d6e00000,0x00000000d6e00000,0x00000000d8d00000)
  from space 5120K, 99% used [0x00000000d9200000,0x00000000d96fec68,0x00000000d9700000)
  to   space 5120K, 0% used [0x00000000d8d00000,0x00000000d8d00000,0x00000000d9200000)
 ParOldGen       total 84992K, used 3619K [0x0000000084a00000, 0x0000000089d00000, 0x00000000d6e00000)
  object space 84992K, 4% used [0x0000000084a00000,0x0000000084d88d80,0x0000000089d00000)
 Metaspace       used 20168K, capacity 21224K, committed 21296K, reserved 1067008K
  class space    used 2914K, capacity 3131K, committed 3200K, reserved 1048576K
}
Event: 7.089 GC heap before
{Heap before GC invocations=3 (full 1):
 PSYoungGen      total 36864K, used 5115K [0x00000000d6e00000, 0x00000000d9700000, 0x0000000100000000)
  eden space 31744K, 0% used [0x00000000d6e00000,0x00000000d6e00000,0x00000000d8d00000)
  from space 5120K, 99% used [0x00000000d9200000,0x00000000d96fec68,0x00000000d9700000)
  to   space 5120K, 0% used [0x00000000d8d00000,0x00000000d8d00000,0x00000000d9200000)
 ParOldGen       total 84992K, used 3619K [0x0000000084a00000, 0x0000000089d00000, 0x00000000d6e00000)
  object space 84992K, 4% used [0x0000000084a00000,0x0000000084d88d80,0x0000000089d00000)
 Metaspace       used 20168K, capacity 21224K, committed 21296K, reserved 1067008K
  class space    used 2914K, capacity 3131K, committed 3200K, reserved 1048576K
Event: 7.137 GC heap after
Heap after GC invocations=3 (full 1):
 PSYoungGen      total 36864K, used 0K [0x00000000d6e00000, 0x00000000d9700000, 0x0000000100000000)
  eden space 31744K, 0% used [0x00000000d6e00000,0x00000000d6e00000,0x00000000d8d00000)
  from space 5120K, 0% used [0x00000000d9200000,0x00000000d9200000,0x00000000d9700000)
  to   space 5120K, 0% used [0x00000000d8d00000,0x00000000d8d00000,0x00000000d9200000)
 ParOldGen       total 65024K, used 8598K [0x0000000084a00000, 0x0000000088980000, 0x00000000d6e00000)
  object space 65024K, 13% used [0x0000000084a00000,0x0000000085265900,0x0000000088980000)
 Metaspace       used 20168K, capacity 21224K, committed 21296K, reserved 1067008K
  class space    used 2914K, capacity 3131K, committed 3200K, reserved 1048576K
}

